c:\users\ben-pc\documents\myswprojects\projectfinal\dgp-hw1\dgp_code_dir\dgp\x64\release\dgp.pdb
c:\users\ben-pc\documents\myswprojects\projectfinal\dgp-hw1\dgp_code_dir\dgp\x64\release\pluginmain.obj
c:\users\ben-pc\documents\myswprojects\projectfinal\dgp-hw1\dgp_code_dir\dgp\x64\release\utilities.obj
c:\users\ben-pc\documents\myswprojects\projectfinal\dgp-hw1\dgp_code_dir\dgp\x64\release\triangulation.obj
c:\users\ben-pc\documents\myswprojects\projectfinal\dgp-hw1\dgp_code_dir\dgp\x64\release\maya_utils.obj
c:\users\ben-pc\documents\myswprojects\projectfinal\dgp-hw1\dgp_code_dir\dgp\x64\release\matlabinterface.obj
c:\users\ben-pc\documents\myswprojects\projectfinal\dgp-hw1\dgp_code_dir\dgp\x64\release\matlabgmmdataexchange.obj
c:\users\ben-pc\documents\myswprojects\projectfinal\dgp-hw1\dgp_code_dir\dgp\x64\release\limit_util.obj
c:\users\ben-pc\documents\myswprojects\projectfinal\dgp-hw1\dgp_code_dir\dgp\x64\release\stdafx.obj
c:\users\ben-pc\documents\myswprojects\projectfinal\dgp-hw1\dgp_code_dir\dgp\x64\release\spacedeformer2d.obj
c:\users\ben-pc\documents\myswprojects\projectfinal\dgp-hw1\dgp_code_dir\dgp\x64\release\triangulatepolygoncmd.obj
c:\users\ben-pc\documents\myswprojects\projectfinal\dgp-hw1\dgp_code_dir\dgp\x64\release\colormeshverticescmd.obj
c:\users\ben-pc\documents\myswprojects\projectfinal\dgp-hw1\dgp_code_dir\dgp\x64\release\triangle.obj
c:\users\ben-pc\documents\myswprojects\projectfinal\dgp-hw1\dgp_code_dir\dgp\x64\release\dgp.tlog\cl.command.1.tlog
c:\users\ben-pc\documents\myswprojects\projectfinal\dgp-hw1\dgp_code_dir\dgp\x64\release\dgp.tlog\cl.read.1.tlog
c:\users\ben-pc\documents\myswprojects\projectfinal\dgp-hw1\dgp_code_dir\dgp\x64\release\dgp.tlog\cl.write.1.tlog
c:\users\ben-pc\documents\myswprojects\projectfinal\dgp-hw1\dgp_code_dir\dgp\x64\release\dgp.tlog\link-cvtres.read.1.tlog
c:\users\ben-pc\documents\myswprojects\projectfinal\dgp-hw1\dgp_code_dir\dgp\x64\release\dgp.tlog\link-cvtres.write.1.tlog
c:\users\ben-pc\documents\myswprojects\projectfinal\dgp-hw1\dgp_code_dir\dgp\x64\release\dgp.tlog\link-rc.read.1.tlog
c:\users\ben-pc\documents\myswprojects\projectfinal\dgp-hw1\dgp_code_dir\dgp\x64\release\dgp.tlog\link-rc.write.1.tlog
c:\users\ben-pc\documents\myswprojects\projectfinal\dgp-hw1\dgp_code_dir\dgp\x64\release\dgp.tlog\link.command.1.tlog
c:\users\ben-pc\documents\myswprojects\projectfinal\dgp-hw1\dgp_code_dir\dgp\x64\release\dgp.tlog\link.read.1.tlog
c:\users\ben-pc\documents\myswprojects\projectfinal\dgp-hw1\dgp_code_dir\dgp\x64\release\dgp.tlog\link.write.1.tlog
