c:\users\ben-pc\documents\myswprojects\projectfinal\dgp-hw1\dgp_code_dir\dgp\x64\debug\dgp.pdb
c:\users\ben-pc\documents\myswprojects\projectfinal\dgp-hw1\dgp_code_dir\dgp\x64\debug\pluginmain.obj
c:\users\ben-pc\documents\myswprojects\projectfinal\dgp-hw1\dgp_code_dir\dgp\x64\debug\utilities.obj
c:\users\ben-pc\documents\myswprojects\projectfinal\dgp-hw1\dgp_code_dir\dgp\x64\debug\triangulation.obj
c:\users\ben-pc\documents\myswprojects\projectfinal\dgp-hw1\dgp_code_dir\dgp\x64\debug\maya_utils.obj
c:\users\ben-pc\documents\myswprojects\projectfinal\dgp-hw1\dgp_code_dir\dgp\x64\debug\matlabinterface.obj
c:\users\ben-pc\documents\myswprojects\projectfinal\dgp-hw1\dgp_code_dir\dgp\x64\debug\matlabgmmdataexchange.obj
c:\users\ben-pc\documents\myswprojects\projectfinal\dgp-hw1\dgp_code_dir\dgp\x64\debug\limit_util.obj
c:\users\ben-pc\documents\myswprojects\projectfinal\dgp-hw1\dgp_code_dir\dgp\x64\debug\stdafx.obj
c:\users\ben-pc\documents\myswprojects\projectfinal\dgp-hw1\dgp_code_dir\dgp\x64\debug\spacedeformer2d.obj
c:\users\ben-pc\documents\myswprojects\projectfinal\dgp-hw1\dgp_code_dir\dgp\x64\debug\triangulatepolygoncmd.obj
c:\users\ben-pc\documents\myswprojects\projectfinal\dgp-hw1\dgp_code_dir\dgp\x64\debug\triangle.obj
c:\users\ben-pc\documents\myswprojects\projectfinal\dgp-hw1\dgp_code_dir\dgp\debug\dgp.lib
c:\users\ben-pc\documents\myswprojects\projectfinal\dgp-hw1\dgp_code_dir\dgp\debug\dgp.exp
c:\users\ben-pc\documents\myswprojects\projectfinal\dgp-hw1\dgp_code_dir\plug-ins\debug_x64_dgp.ilk
c:\users\ben-pc\documents\myswprojects\projectfinal\dgp-hw1\dgp_code_dir\plug-ins\debug_x64_dgp.mll
c:\users\ben-pc\documents\myswprojects\projectfinal\dgp-hw1\dgp_code_dir\dgp\debug\dgp.pdb
c:\users\ben-pc\documents\myswprojects\projectfinal\dgp-hw1\dgp_code_dir\dgp\x64\debug\dgp.tlog\cl.command.1.tlog
c:\users\ben-pc\documents\myswprojects\projectfinal\dgp-hw1\dgp_code_dir\dgp\x64\debug\dgp.tlog\cl.read.1.tlog
c:\users\ben-pc\documents\myswprojects\projectfinal\dgp-hw1\dgp_code_dir\dgp\x64\debug\dgp.tlog\cl.write.1.tlog
c:\users\ben-pc\documents\myswprojects\projectfinal\dgp-hw1\dgp_code_dir\dgp\x64\debug\dgp.tlog\dgp.write.1u.tlog
c:\users\ben-pc\documents\myswprojects\projectfinal\dgp-hw1\dgp_code_dir\dgp\x64\debug\dgp.tlog\link.command.1.tlog
c:\users\ben-pc\documents\myswprojects\projectfinal\dgp-hw1\dgp_code_dir\dgp\x64\debug\dgp.tlog\link.read.1.tlog
c:\users\ben-pc\documents\myswprojects\projectfinal\dgp-hw1\dgp_code_dir\dgp\x64\debug\dgp.tlog\link.write.1.tlog
